[24/Jun/2016 16:41:44] "GET / HTTP/1.1" 200 18521
[24/Jun/2016 16:41:44] "GET /static/submission/ace-actions.js HTTP/1.1" 304 0
[24/Jun/2016 16:41:44] "GET /static/css/pygments.css?0.30.dev HTTP/1.1" 304 0
[24/Jun/2016 16:41:44] "GET /static/js/ace/ace.js HTTP/1.1" 304 0
[24/Jun/2016 16:41:44] "GET /static/rest_comments/rest-actions.js HTTP/1.1" 304 0
[24/Jun/2016 16:41:44] "GET /static/js/bootstrap.min.js HTTP/1.1" 304 0
[24/Jun/2016 16:41:44] "GET /static/css/spc-extend.css?0.30.dev HTTP/1.1" 200 2832
[24/Jun/2016 16:41:44] "GET /static/multiple-file-list-icon-tiny.png HTTP/1.1" 304 0
[24/Jun/2016 16:41:44] "GET /static/css/spc-bootstrap.css HTTP/1.1" 200 147346
[24/Jun/2016 16:41:44] "GET /static/single-file-list-icon-tiny.png HTTP/1.1" 304 0
[24/Jun/2016 16:41:44] "GET /static/external-link-list-icon-tiny.png HTTP/1.1" 304 0
[24/Jun/2016 16:41:44] "GET /static/img/feed-icon-14x14.png HTTP/1.1" 304 0
[24/Jun/2016 16:41:44] "GET /static/img/glyphicons-halflings.png HTTP/1.1" 304 0
[24/Jun/2016 16:41:53] "GET / HTTP/1.1" 200 18521
[24/Jun/2016 16:41:53] "GET /static/js/bootstrap.min.js HTTP/1.1" 304 0
[24/Jun/2016 16:41:53] "GET /static/js/ace/ace.js HTTP/1.1" 304 0
[24/Jun/2016 16:41:53] "GET /static/css/pygments.css?0.30.dev HTTP/1.1" 304 0
[24/Jun/2016 16:41:53] "GET /static/submission/ace-actions.js HTTP/1.1" 304 0
[24/Jun/2016 16:41:53] "GET /static/css/spc-extend.css?0.30.dev HTTP/1.1" 200 2832
[24/Jun/2016 16:41:53] "GET /static/rest_comments/rest-actions.js HTTP/1.1" 304 0
[24/Jun/2016 16:41:53] "GET /static/multiple-file-list-icon-tiny.png HTTP/1.1" 304 0
[24/Jun/2016 16:41:53] "GET /static/css/spc-bootstrap.css HTTP/1.1" 200 147346
[24/Jun/2016 16:41:53] "GET /static/single-file-list-icon-tiny.png HTTP/1.1" 304 0
[24/Jun/2016 16:41:53] "GET /static/external-link-list-icon-tiny.png HTTP/1.1" 304 0
[24/Jun/2016 16:41:53] "GET /static/img/feed-icon-14x14.png HTTP/1.1" 304 0
[24/Jun/2016 16:41:53] "GET /static/img/glyphicons-halflings.png HTTP/1.1" 304 0
Error: That port is already in use.
